Sun Oct 7 20:55:09 CST 2018
Sun Oct 7 20:58:23 CST 2018
Sun Oct 7 13:07:05 UTC 2018
Sun Oct 7 13:19:12 UTC 2018
Mon Oct 8 11:02:30 UTC 2018
Mon Oct 8 12:36:39 UTC 2018
Mon Oct 8 13:34:16 UTC 2018
Mon Oct 8 18:33:43 UTC 2018
Tue Oct 9 04:06:24 UTC 2018
Tue Oct 9 09:40:25 UTC 2018
Tue Oct 9 10:18:59 UTC 2018
Wed Oct 10 15:52:43 UTC 2018
Wed Oct 10 17:07:09 UTC 2018
Wed Oct 10 18:20:06 UTC 2018
Thu Oct 11 10:49:04 UTC 2018
Fri Oct 12 10:40:11 UTC 2018
Fri Oct 12 17:50:56 UTC 2018
Sun Oct 14 16:19:01 UTC 2018
Mon Oct 15 14:01:07 UTC 2018
Tue Oct 16 03:22:27 UTC 2018
Tue Oct 16 18:37:26 UTC 2018
Wed Oct 17 18:47:23 UTC 2018
Thu Oct 18 13:08:45 UTC 2018
Thu Oct 18 13:46:31 UTC 2018
Thu Oct 18 18:10:34 UTC 2018
Thu Oct 18 18:40:56 UTC 2018
Fri Oct 19 05:37:46 UTC 2018
Fri Oct 19 12:46:08 UTC 2018
